<?xml version="1.0" encoding="UTF-8"?>
<testsuite xmlns:xsi="http://www.w3.org/2001/XMLSchema-instance" xsi:noNamespaceSchemaLocation="https://maven.apache.org/surefire/maven-surefire-plugin/xsd/surefire-test-report-3.0.xsd" version="3.0" name="com.algonquincollege.cst8277.OrderSystemTestSuite" time="1.397" tests="1" errors="1" skipped="0" failures="0">
  <properties>
[...]
</properties>
  <testcase name="test01_all_customers_with_adminrole" classname="com.algonquincollege.cst8277.OrderSystemTestSuite" time="0.897">
    <error type="javax.ws.rs.ProcessingException"><![CDATA[javax.ws.rs.ProcessingException: java.net.ConnectException: Connection refused (Connection refused)
	at com.algonquincollege.cst8277.rest.orderSystem@0.0.1-SNAPSHOT/com.algonquincollege.cst8277.OrderSystemTestSuite.test01_all_customers_with_adminrole(OrderSystemTestSuite.java:96)
Caused by: java.net.ConnectException: Connection refused (Connection refused)
	at com.algonquincollege.cst8277.rest.orderSystem@0.0.1-SNAPSHOT/com.algonquincollege.cst8277.OrderSystemTestSuite.test01_all_customers_with_adminrole(OrderSystemTestSuite.java:96)
]]></error>
    <system-out><![CDATA[2020-12-07T04:43:42.347Z &amp#27;[39mDEBUG&amp#27;[0;39m [main      ] &amp#27;[36mc.a.cst8277.OrderSystemTestSuite&amp#27;[0;39m - oneTimeSetUp
2020-12-07T04:43:43.264Z &amp#27;[39mDEBUG&amp#27;[0;39m [main      ] &amp#27;[36mo.g.jersey.logging.LoggingFeature&amp#27;[0;39m - 1 * Sending client request on thread main
1 > GET http://localhost:8080/rest-orderSystem/api/v1/customer
1 > Authorization: Basic YWRtaW46YWRtaW4=

]]></system-out>
  </testcase>
</testsuite>