<?xml version="1.0" encoding="UTF-8"?>
<testsuite xmlns:xsi="http://www.w3.org/2001/XMLSchema-instance" xsi:noNamespaceSchemaLocation="https://maven.apache.org/surefire/maven-surefire-plugin/xsd/surefire-test-report-3.0.xsd" version="3.0" name="com.algonquincollege.cst8277.OrderSystemTestSuite" time="1.944" tests="1" errors="0" skipped="0" failures="1">
  <properties>
[...]
</properties>
  <testcase name="test01_all_customers_with_adminrole" classname="com.algonquincollege.cst8277.OrderSystemTestSuite" time="1.727">
    <failure type="java.lang.AssertionError"><![CDATA[java.lang.AssertionError: 

Expected: is <200>
     but: was <401>
	at com.algonquincollege.cst8277.rest.orderSystem@0.0.1-SNAPSHOT/com.algonquincollege.cst8277.OrderSystemTestSuite.test01_all_customers_with_adminrole(OrderSystemTestSuite.java:100)
]]></failure>
    <system-out><![CDATA[2020-12-02T00:30:04.664Z &amp#27;[39mDEBUG&amp#27;[0;39m [main      ] &amp#27;[36mc.a.cst8277.OrderSystemTestSuite&amp#27;[0;39m - oneTimeSetUp
2020-12-02T00:30:05.295Z &amp#27;[39mDEBUG&amp#27;[0;39m [main      ] &amp#27;[36mo.g.jersey.logging.LoggingFeature&amp#27;[0;39m - 1 * Sending client request on thread main
1 > GET http://localhost:8080/rest-orderSystem/api/v1/customer
1 > Authorization: Basic YWRtaW46YWRtaW4=

2020-12-02T00:30:06.427Z &amp#27;[39mDEBUG&amp#27;[0;39m [main      ] &amp#27;[36mo.g.jersey.logging.LoggingFeature&amp#27;[0;39m - 1 * Client response received on thread main
1 < 401
1 < Content-Length: 147
1 < Content-Type: text/html; charset=UTF-8
1 < Date: Wed, 02 Dec 2020 00:30:04 GMT
1 < DAV: 1,2,<http://www.oracle.com/xdb/webdav/props>
1 < MS-Author-Via: DAV
1 < Server: Oracle XML DB/Oracle Database
1 < WWW-Authenticate: Basic realm="XDB"
<!DOCTYPE HTML PUBLIC "-//IETF//DTD HTML 2.0//EN">
<HTML><HEAD>
<TITLE>401 Unauthorized</TITLE>
</HEAD><BODY><H1>Unauthorized</H1>
</BODY></HTML>


]]></system-out>
  </testcase>
</testsuite>